[Mon Apr 20 19:45:06 2026] Mic calibrated. Energy: 799
[Mon Apr 20 19:45:31 2026] Wake scan heard: 'hey'
[Mon Apr 20 19:45:37 2026] Wake scan heard: 'hey'
[Mon Apr 20 19:45:45 2026] Wake scan heard: 'jar'
[Mon Apr 20 19:46:07 2026] Wake scan heard: 'ha'
[Mon Apr 20 19:46:12 2026] Wake scan heard: 'ha'
[Mon Apr 20 19:46:14 2026] Wake scan heard: 'hey'
[Mon Apr 20 19:46:20 2026] Wake scan heard: 'havo'
[Mon Apr 20 19:46:33 2026] Wake scan heard: 'hey walks open youtube'
[Mon Apr 20 19:46:51 2026] Wake scan heard: 'hey'
[Mon Apr 20 19:46:56 2026] Wake scan heard: 'hey'
[Mon Apr 20 19:47:02 2026] Wake scan heard: 'opening youtube'
[Mon Apr 20 19:47:06 2026] Wake scan heard: 'hey works opening youtube'
[Mon Apr 20 19:47:29 2026] Wake scan heard: 'hey books'
[Mon Apr 20 19:47:46 2026] Wake scan heard: 'hey'
[Mon Apr 20 19:47:49 2026] Wake scan heard: 'hey'
[Mon Apr 20 19:47:51 2026] Wake scan heard: 'open'
[Mon Apr 20 19:47:55 2026] Wake scan heard: 'open'
[Mon Apr 20 19:47:57 2026] Wake scan heard: 'command'
[Mon Apr 20 19:48:14 2026] Wake scan heard: 'unke kabhi kabhi'
[Mon Apr 20 19:48:17 2026] Wake scan heard: 'hey box play'
[Mon Apr 20 19:48:19 2026] Wake scan heard: 'hey'
[Mon Apr 20 19:48:25 2026] Wake scan heard: 'hey walks open youtube'
[Mon Apr 20 19:48:51 2026] Wake scan heard: 'hey'
[Mon Apr 20 19:49:03 2026] Wake scan heard: 'hey'
[Mon Apr 20 19:49:10 2026] Wake scan heard: 'hey'
[Mon Apr 20 19:49:13 2026] Wake scan heard: 'havocs open youtube'
[Mon Apr 20 19:49:19 2026] Wake scan heard: 'hey box command'
[Mon Apr 20 19:49:33 2026] Wake scan heard: 'hey box command'
[Mon Apr 20 19:49:47 2026] Wake scan heard: 'hey box'
[Mon Apr 20 19:50:02 2026] Wake scan heard: 'he walks command'
[Mon Apr 20 19:50:11 2026] Wake scan heard: 'inka yaar kabhi-kabhi sun'
[Mon Apr 20 19:50:12 2026] Wake scan heard: 'he walks command'
[Mon Apr 20 19:50:16 2026] Wake scan heard: 'hey'
[Mon Apr 20 19:50:20 2026] Wake scan heard: 'hey box command'
[Mon Apr 20 20:06:25 2026] Mic calibrated. Energy: 607
[Mon Apr 20 20:06:30 2026] Wake scan heard: 'hey'
[Mon Apr 20 20:06:34 2026] Wake scan heard: 'calib'
[Mon Apr 20 20:06:41 2026] Wake scan heard: 'cbse board ka yah option kab'
[Mon Apr 20 20:06:48 2026] Wake scan heard: 'hey'
[Mon Apr 20 20:06:48 2026] Wake scan heard: 'moksh'
[Mon Apr 20 20:06:52 2026] Wake scan heard: 'command nikal'
[Mon Apr 20 20:06:58 2026] Wake scan heard: 'box command'
[Mon Apr 20 20:07:05 2026] Wake scan heard: 'hey'
[Mon Apr 20 20:07:08 2026] Wake scan heard: 'box command'
[Mon Apr 20 20:07:13 2026] Wake scan heard: 'youtube'
[Mon Apr 20 20:07:19 2026] Wake scan heard: 'hey walks'
[Mon Apr 20 20:07:20 2026] Wake scan heard: 'hey what's open bluetooth'
[Mon Apr 20 20:07:40 2026] Wake scan heard: 'yah touch karke dekhte hain'
[Mon Apr 20 20:07:47 2026] Wake scan heard: 'box command'
[Mon Apr 20 20:07:49 2026] Wake scan heard: 'hey'
[Mon Apr 20 20:07:56 2026] Wake scan heard: 'hey'
[Mon Apr 20 20:07:59 2026] Wake scan heard: 'hey box open youtube'
[Mon Apr 20 20:08:05 2026] Wake scan heard: 'hey'
[Mon Apr 20 20:08:28 2026] Wake scan heard: 'hey'
[Mon Apr 20 20:08:37 2026] Wake scan heard: 'hey'
[Mon Apr 20 20:08:41 2026] Wake scan heard: 'havoc have walks youtube'
[Mon Apr 20 20:08:42 2026] Wake scan heard: 'hey box command'
[Mon Apr 20 20:09:07 2026] Wake scan heard: 'hey walks'
[Mon Apr 20 20:09:09 2026] Wake scan heard: 'hey book'
[Mon Apr 20 20:09:25 2026] Wake scan heard: 'hey box'
[Mon Apr 20 20:09:55 2026] Wake scan heard: 'hey'
[Mon Apr 20 20:09:59 2026] Wake scan heard: 'hey'
[Mon Apr 20 20:10:17 2026] Wake scan heard: 'havo'
[Mon Apr 20 20:10:26 2026] Wake scan heard: 'hey'
[Mon Apr 20 20:10:48 2026] Wake scan heard: 'mera purana bhajan'
[Mon Apr 20 20:10:52 2026] Wake scan heard: 'ho gaya'
[Mon Apr 20 20:10:59 2026] Wake scan heard: 'hey books'
[Mon Apr 20 20:11:01 2026] Wake scan heard: 'gandi baat hogi mere'
[Mon Apr 20 20:11:21 2026] Wake scan heard: 'karnala'
[Mon Apr 20 20:11:34 2026] Wake scan heard: 'hey'
[Mon Apr 20 20:11:53 2026] Wake scan heard: '100%'
[Mon Apr 20 20:12:08 2026] Wake scan heard: 'Vox'
[Mon Apr 20 20:42:07 2026] Mic calibrated. Energy: 635
[Mon Apr 20 20:42:26 2026] Wake scan heard: 'hey jar'
[Mon Apr 20 20:43:02 2026] Wake scan heard: 'hey Vox command'
[Mon Apr 20 20:43:27 2026] Wake scan heard: 'hi Vox'
[Mon Apr 20 20:44:54 2026] Wake scan heard: 'havocs open youtube'
[Mon Apr 20 20:45:02 2026] Wake scan heard: 'havocs open youtube'
[Mon Apr 20 20:45:12 2026] Wake scan heard: 'he works open youtube'
[Mon Apr 20 20:45:16 2026] Wake scan heard: 'hey'
[Mon Apr 20 20:45:34 2026] Wake scan heard: 'hey'
[Mon Apr 20 22:49:48 2026] Mic calibrated. Energy: 635
[Mon Apr 20 22:50:40 2026] Wake scan heard: 'jar'
[Mon Apr 20 23:04:44 2026] Wake scan heard: 'set an alarm'
[Mon Apr 20 23:05:13 2026] Wake scan heard: 'nau'
[Mon Apr 20 23:16:54 2026] Wake scan heard: 'original'
[Mon Apr 20 23:40:25 2026] Mic calibrated. Energy: 582
[Mon Apr 20 23:40:54 2026] Wake scan heard: 'hiv is open'
[Mon Apr 20 23:41:06 2026] Wake scan heard: 'facebook open'
[Tue Apr 21 11:22:51 2026] Mic calibrated. Energy: 508
[Tue Apr 21 11:23:09 2026] Wake scan heard: 'open youtube'
[Tue Apr 21 11:23:14 2026] Wake scan heard: 'hey walks open youtube'
[Tue Apr 21 11:23:33 2026] Wake scan heard: 'hey what's open youtube'
[Tue Apr 21 11:23:45 2026] Wake scan heard: 'hey'
[Tue Apr 21 11:23:50 2026] Wake scan heard: 'hex'


